<?xml version="1.0" encoding="UTF-8"?>
<coverage generated="1713202072726" clover="3.2.0">
  <project timestamp="1713202072726" name="All files">
    <metrics statements="16" coveredstatements="8" conditionals="2" coveredconditionals="0" methods="1" coveredmethods="1" elements="19" coveredelements="9" complexity="0" loc="16" ncloc="16" packages="2" files="2" classes="2"/>
    <package name="controller">
      <metrics statements="12" coveredstatements="4" conditionals="2" coveredconditionals="0" methods="1" coveredmethods="1"/>
      <file name="RestaurantController.js" path="D:\Projects45\Mern Projects\NoticBoard\server\controller\RestaurantController.js">
        <metrics statements="12" coveredstatements="4" conditionals="2" coveredconditionals="0" methods="1" coveredmethods="1"/>
        <line num="1" count="1" type="stmt"/>
        <line num="4" count="1" type="stmt"/>
        <line num="5" count="1" type="stmt"/>
        <line num="6" count="0" type="stmt"/>
        <line num="8" count="0" type="stmt"/>
        <line num="9" count="0" type="cond" truecount="0" falsecount="2"/>
        <line num="10" count="0" type="stmt"/>
        <line num="14" count="0" type="stmt"/>
        <line num="15" count="0" type="stmt"/>
        <line num="16" count="0" type="stmt"/>
        <line num="18" count="0" type="stmt"/>
        <line num="22" count="1" type="stmt"/>
      </file>
    </package>
    <package name="model">
      <metrics statements="4" coveredstatements="4" conditionals="0" coveredconditionals="0" methods="0" coveredmethods="0"/>
      <file name="Restaurant.js" path="D:\Projects45\Mern Projects\NoticBoard\server\model\Restaurant.js">
        <metrics statements="4" coveredstatements="4" conditionals="0" coveredconditionals="0" methods="0" coveredmethods="0"/>
        <line num="1" count="1" type="stmt"/>
        <line num="4" count="1" type="stmt"/>
        <line num="17" count="1" type="stmt"/>
        <line num="19" count="1" type="stmt"/>
      </file>
    </package>
  </project>
</coverage>
